2020-04-10 03:43:22.544 INFO  XYZBanking : 14 -  URL is opened 
2020-04-10 03:43:33.088 INFO  XYZBanking : 38 - Test Completed 
2020-04-10 03:45:10.719 INFO  XYZBanking : 14 -  URL is opened 
2020-04-10 03:45:14.567 INFO  XYZBanking : 20 -  Entered UserName  
2020-04-10 03:45:15.504 INFO  XYZBanking : 22 -  Entered Password 
2020-04-10 03:45:16.300 INFO  XYZBanking : 38 - Test Completed 
2020-04-12 02:35:00.314 INFO  XYZBanking : 14 -  URL is opened 
2020-04-12 02:35:09.825 INFO  XYZBanking : 20 -  Entered UserName  
2020-04-12 02:35:10.136 INFO  XYZBanking : 22 -  Entered Password 
2020-04-12 02:35:19.327 INFO  XYZBanking : 42 - Test Completed 
2020-04-12 02:36:55.270 INFO  XYZBanking : 14 -  URL is opened 
2020-04-12 02:37:04.420 INFO  XYZBanking : 20 -  Entered UserName  
2020-04-12 02:37:04.629 INFO  XYZBanking : 22 -  Entered Password 
2020-04-12 02:37:05.715 INFO  XYZBanking : 42 - Test Completed 
2020-04-12 03:18:36.966 INFO  XYZBanking : 52 -  URL is opened 
2020-04-12 03:18:37.762 INFO  XYZBanking : 18 -  Entered UserName  
2020-04-12 03:18:38.028 INFO  XYZBanking : 20 -  Entered Password 
2020-04-12 03:18:39.624 INFO  XYZBanking : 60 - Test Completed 
2020-04-12 03:19:27.393 INFO  XYZBanking : 52 -  URL is opened 
2020-04-12 03:19:32.184 INFO  XYZBanking : 60 - Test Completed 
2020-04-12 03:21:50.629 INFO  XYZBanking : 52 -  URL is opened 
2020-04-12 03:21:51.186 INFO  XYZBanking : 60 - Test Completed 
2020-04-12 03:24:39.327 INFO  XYZBanking : 52 -  URL is opened 
2020-04-12 03:24:41.595 INFO  XYZBanking : 18 -  Entered UserName  
2020-04-12 03:24:42.358 INFO  XYZBanking : 20 -  Entered Password 
2020-04-12 03:24:46.298 INFO  XYZBanking : 60 - Test Completed 
2020-04-12 03:36:52.130 INFO  XYZBanking : 52 -  URL is opened 
2020-04-12 03:36:52.324 INFO  XYZBanking : 18 -  Entered UserName  
2020-04-12 03:36:52.388 INFO  XYZBanking : 20 -  Entered Password 
2020-04-12 03:36:55.572 INFO  XYZBanking : 60 - Test Completed 
2020-04-12 03:37:22.442 INFO  XYZBanking : 52 -  URL is opened 
2020-04-12 03:37:23.811 INFO  XYZBanking : 18 -  Entered UserName  
2020-04-12 03:37:24.002 INFO  XYZBanking : 20 -  Entered Password 
2020-04-12 03:37:24.840 INFO  XYZBanking : 60 - Test Completed 
2020-04-12 04:53:03.392 INFO  XYZBanking : 52 -  URL is opened 
2020-04-12 04:53:03.848 INFO  XYZBanking : 18 -  Entered UserName  
2020-04-12 04:53:04.090 INFO  XYZBanking : 20 -  Entered Password 
2020-04-12 04:53:05.139 INFO  XYZBanking : 60 - Test Completed 
2020-04-14 00:46:27.509 INFO  XYZBanking : 60 -  URL is opened 
2020-04-14 00:46:28.228 INFO  XYZBanking : 18 -  Entered UserName  
2020-04-14 00:46:28.772 INFO  XYZBanking : 20 -  Entered Password 
2020-04-14 00:46:30.410 INFO  XYZBanking : 68 - Test Completed 
2020-04-14 00:46:47.173 INFO  XYZBanking : 60 -  URL is opened 
2020-04-14 00:47:00.854 INFO  XYZBanking : 19 -  Entered UserName  
2020-04-14 00:47:01.086 INFO  XYZBanking : 21 -  Entered Password  
2020-04-14 00:47:06.448 INFO  XYZBanking : 19 -  Entered UserName  
2020-04-14 00:47:06.808 INFO  XYZBanking : 21 -  Entered Password  
2020-04-14 00:47:11.079 INFO  XYZBanking : 19 -  Entered UserName  
2020-04-14 00:47:11.381 INFO  XYZBanking : 21 -  Entered Password  
2020-04-14 00:47:17.049 INFO  XYZBanking : 35 -  Login Failed  
2020-04-14 00:47:22.719 INFO  XYZBanking : 19 -  Entered UserName  
2020-04-14 00:47:23.276 INFO  XYZBanking : 21 -  Entered Password  
2020-04-14 00:47:26.725 INFO  XYZBanking : 68 - Test Completed 
2020-04-14 00:50:56.256 INFO  XYZBanking : 60 -  URL is opened 
2020-04-14 00:51:03.322 INFO  XYZBanking : 19 -  Entered UserName  
2020-04-14 00:51:03.546 INFO  XYZBanking : 21 -  Entered Password  
2020-04-14 00:51:08.079 INFO  XYZBanking : 19 -  Entered UserName  
2020-04-14 00:51:08.219 INFO  XYZBanking : 21 -  Entered Password  
2020-04-14 00:51:12.334 INFO  XYZBanking : 19 -  Entered UserName  
2020-04-14 00:51:12.653 INFO  XYZBanking : 21 -  Entered Password  
2020-04-14 00:51:17.722 INFO  XYZBanking : 35 -  Login Failed  
2020-04-14 00:51:22.501 INFO  XYZBanking : 19 -  Entered UserName  
2020-04-14 00:51:22.828 INFO  XYZBanking : 21 -  Entered Password  
2020-04-14 00:51:26.208 INFO  XYZBanking : 68 - Test Completed 
2020-04-14 00:52:54.366 INFO  XYZBanking : 60 -  URL is opened 
2020-04-14 00:52:55.452 INFO  XYZBanking : 18 -  Entered UserName  
2020-04-14 00:52:55.626 INFO  XYZBanking : 20 -  Entered Password 
2020-04-14 00:52:56.327 INFO  XYZBanking : 68 - Test Completed 
2020-04-14 00:53:05.292 INFO  XYZBanking : 60 -  URL is opened 
2020-04-14 00:53:12.673 INFO  XYZBanking : 19 -  Entered UserName  
2020-04-14 00:53:12.908 INFO  XYZBanking : 21 -  Entered Password  
2020-04-14 00:53:18.995 INFO  XYZBanking : 19 -  Entered UserName  
2020-04-14 00:53:19.286 INFO  XYZBanking : 21 -  Entered Password  
2020-04-14 00:53:24.059 INFO  XYZBanking : 19 -  Entered UserName  
2020-04-14 00:53:24.622 INFO  XYZBanking : 21 -  Entered Password  
2020-04-14 00:53:30.359 INFO  XYZBanking : 35 -  Login Failed  
2020-04-14 00:53:34.861 INFO  XYZBanking : 19 -  Entered UserName  
2020-04-14 00:53:35.159 INFO  XYZBanking : 21 -  Entered Password  
2020-04-14 00:53:38.605 INFO  XYZBanking : 68 - Test Completed 
2020-04-14 03:37:18.130 INFO  XYZBanking : 61 -  URL is opened 
2020-04-14 03:37:36.943 INFO  XYZBanking : 69 - Test Completed 
2020-04-14 03:41:23.799 INFO  XYZBanking : 61 -  URL is opened 
2020-04-14 03:41:39.581 INFO  XYZBanking : 69 - Test Completed 
2020-04-14 03:42:25.825 INFO  XYZBanking : 61 -  URL is opened 
2020-04-14 03:42:39.714 INFO  XYZBanking : 49 - Customer has successfully logged in 
2020-04-14 03:42:39.744 INFO  XYZBanking : 69 - Test Completed 
2020-04-14 03:46:42.042 INFO  XYZBanking : 61 -  URL is opened 
2020-04-14 03:46:43.140 INFO  XYZBanking : 18 -  Entered UserName  
2020-04-14 03:46:43.359 INFO  XYZBanking : 20 -  Entered Password 
2020-04-14 03:46:44.304 INFO  XYZBanking : 69 - Test Completed 
2020-04-14 03:46:54.074 INFO  XYZBanking : 61 -  URL is opened 
2020-04-14 03:46:59.231 INFO  XYZBanking : 19 -  Entered UserName  
2020-04-14 03:46:59.438 INFO  XYZBanking : 21 -  Entered Password  
2020-04-14 03:47:03.910 INFO  XYZBanking : 19 -  Entered UserName  
2020-04-14 03:47:04.129 INFO  XYZBanking : 21 -  Entered Password  
2020-04-14 03:47:08.173 INFO  XYZBanking : 19 -  Entered UserName  
2020-04-14 03:47:08.508 INFO  XYZBanking : 21 -  Entered Password  
2020-04-14 03:47:13.545 INFO  XYZBanking : 35 -  Login Failed  
2020-04-14 03:47:18.210 INFO  XYZBanking : 19 -  Entered UserName  
2020-04-14 03:47:18.299 INFO  XYZBanking : 21 -  Entered Password  
2020-04-14 03:47:21.745 INFO  XYZBanking : 69 - Test Completed 
2020-04-14 03:47:34.338 INFO  XYZBanking : 61 -  URL is opened 
2020-04-14 03:47:51.832 INFO  XYZBanking : 49 - Customer has successfully logged in 
2020-04-14 03:47:51.836 INFO  XYZBanking : 69 - Test Completed 
2020-04-13 17:03:49.804 INFO  XYZBanking : 61 -  URL is opened 
2020-04-13 17:03:50.744 INFO  XYZBanking : 18 -  Entered UserName  
2020-04-13 17:03:50.982 INFO  XYZBanking : 20 -  Entered Password 
2020-04-13 17:03:58.105 INFO  XYZBanking : 69 - Test Completed 
2020-04-13 17:04:16.102 INFO  XYZBanking : 61 -  URL is opened 
2020-04-13 17:04:31.942 INFO  XYZBanking : 19 -  Entered UserName  
2020-04-13 17:04:32.117 INFO  XYZBanking : 21 -  Entered Password  
2020-04-13 17:04:36.909 INFO  XYZBanking : 19 -  Entered UserName  
2020-04-13 17:04:37.160 INFO  XYZBanking : 21 -  Entered Password  
2020-04-13 17:04:41.842 INFO  XYZBanking : 19 -  Entered UserName  
2020-04-13 17:04:42.080 INFO  XYZBanking : 21 -  Entered Password  
2020-04-13 17:04:46.611 INFO  XYZBanking : 35 -  Login Failed  
2020-04-13 17:04:51.419 INFO  XYZBanking : 19 -  Entered UserName  
2020-04-13 17:04:51.510 INFO  XYZBanking : 21 -  Entered Password  
2020-04-13 17:04:54.596 INFO  XYZBanking : 35 -  Login Failed  
2020-04-13 17:05:05.360 INFO  XYZBanking : 69 - Test Completed 
2020-04-13 17:05:24.533 INFO  XYZBanking : 61 -  URL is opened 
2020-04-13 17:05:41.535 INFO  XYZBanking : 49 - Customer has successfully logged in 
2020-04-13 17:05:41.539 INFO  XYZBanking : 69 - Test Completed 
2020-04-13 17:10:18.895 INFO  XYZBanking : 61 -  URL is opened 
2020-04-13 17:10:20.540 INFO  XYZBanking : 18 -  Entered UserName  
2020-04-13 17:10:20.767 INFO  XYZBanking : 20 -  Entered Password 
2020-04-13 17:10:21.803 INFO  XYZBanking : 69 - Test Completed 
2020-04-13 17:10:32.224 INFO  XYZBanking : 61 -  URL is opened 
2020-04-13 17:10:39.257 INFO  XYZBanking : 19 -  Entered UserName  
2020-04-13 17:10:39.425 INFO  XYZBanking : 21 -  Entered Password  
2020-04-13 17:10:44.051 INFO  XYZBanking : 19 -  Entered UserName  
2020-04-13 17:10:44.368 INFO  XYZBanking : 21 -  Entered Password  
2020-04-13 17:10:48.509 INFO  XYZBanking : 19 -  Entered UserName  
2020-04-13 17:10:48.837 INFO  XYZBanking : 21 -  Entered Password  
2020-04-13 17:10:53.146 INFO  XYZBanking : 35 -  Login Failed  
2020-04-13 17:10:57.983 INFO  XYZBanking : 19 -  Entered UserName  
2020-04-13 17:10:58.082 INFO  XYZBanking : 21 -  Entered Password  
2020-04-13 17:11:01.617 INFO  XYZBanking : 69 - Test Completed 
2020-04-13 17:11:13.410 INFO  XYZBanking : 61 -  URL is opened 
2020-04-13 17:11:29.358 INFO  XYZBanking : 49 - Customer has successfully logged in 
2020-04-13 17:11:29.362 INFO  XYZBanking : 69 - Test Completed 
2020-04-15 02:51:29.753 INFO  XYZBanking : 61 -  URL is opened 
2020-04-15 02:51:35.860 INFO  XYZBanking : 18 -  Entered UserName  
2020-04-15 02:51:36.245 INFO  XYZBanking : 20 -  Entered Password 
2020-04-15 02:51:38.582 INFO  XYZBanking : 69 - Test Completed 
2020-04-15 02:51:54.844 INFO  XYZBanking : 61 -  URL is opened 
2020-04-15 02:52:05.574 INFO  XYZBanking : 19 -  Entered UserName  
2020-04-15 02:52:05.759 INFO  XYZBanking : 21 -  Entered Password  
2020-04-15 02:52:10.122 INFO  XYZBanking : 19 -  Entered UserName  
2020-04-15 02:52:10.402 INFO  XYZBanking : 21 -  Entered Password  
2020-04-15 02:52:14.571 INFO  XYZBanking : 19 -  Entered UserName  
2020-04-15 02:52:14.867 INFO  XYZBanking : 21 -  Entered Password  
2020-04-15 02:52:20.412 INFO  XYZBanking : 35 -  Login Failed  
2020-04-15 02:52:25.498 INFO  XYZBanking : 19 -  Entered UserName  
2020-04-15 02:52:25.773 INFO  XYZBanking : 21 -  Entered Password  
2020-04-15 02:52:29.341 INFO  XYZBanking : 69 - Test Completed 
2020-04-15 02:52:43.470 INFO  XYZBanking : 61 -  URL is opened 
2020-04-15 02:53:02.156 INFO  XYZBanking : 49 - Customer has successfully logged in 
2020-04-15 02:53:02.161 INFO  XYZBanking : 69 - Test Completed 
2020-04-17 23:54:12.514 INFO  XYZBanking : 62 -  URL is opened 
2020-04-17 23:54:23.705 INFO  XYZBanking : 18 -  Entered UserName  
2020-04-17 23:54:24.242 INFO  XYZBanking : 20 -  Entered Password 
2020-04-17 23:54:27.190 INFO  XYZBanking : 70 - Test Completed 
2020-04-17 23:59:27.062 INFO  XYZBanking : 62 -  URL is opened 
2020-04-17 23:59:28.616 INFO  XYZBanking : 18 -  Entered UserName  
2020-04-17 23:59:28.990 INFO  XYZBanking : 20 -  Entered Password 
2020-04-17 23:59:30.225 INFO  XYZBanking : 70 - Test Completed 
2020-04-18 00:07:04.735 INFO  XYZBanking : 62 -  URL is opened 
2020-04-18 00:07:17.764 INFO  XYZBanking : 18 -  Entered UserName  
2020-04-18 00:07:18.134 INFO  XYZBanking : 20 -  Entered Password 
2020-04-18 00:07:25.392 INFO  XYZBanking : 70 - Test Completed 
2020-04-18 00:10:12.237 INFO  XYZBanking : 62 -  URL is opened 
2020-04-18 00:10:29.586 INFO  XYZBanking : 19 -  Entered UserName  
2020-04-18 00:10:29.841 INFO  XYZBanking : 21 -  Entered Password  
2020-04-18 00:10:34.996 INFO  XYZBanking : 19 -  Entered UserName  
2020-04-18 00:10:35.186 INFO  XYZBanking : 21 -  Entered Password  
2020-04-18 00:10:39.347 INFO  XYZBanking : 19 -  Entered UserName  
2020-04-18 00:10:39.663 INFO  XYZBanking : 21 -  Entered Password  
2020-04-18 00:10:45.526 INFO  XYZBanking : 35 -  Login Failed  
2020-04-18 00:10:51.435 INFO  XYZBanking : 19 -  Entered UserName  
2020-04-18 00:10:51.593 INFO  XYZBanking : 21 -  Entered Password  
2020-04-18 00:10:55.592 INFO  XYZBanking : 70 - Test Completed 
2020-04-18 00:11:11.081 INFO  XYZBanking : 62 -  URL is opened 
2020-04-18 00:11:28.840 INFO  XYZBanking : 49 - Customer has successfully logged in 
2020-04-18 00:11:28.845 INFO  XYZBanking : 70 - Test Completed 
2020-04-18 00:14:17.971 INFO  XYZBanking : 62 -  URL is opened 
2020-04-18 00:14:22.434 INFO  XYZBanking : 18 -  Entered UserName  
2020-04-18 00:14:22.794 INFO  XYZBanking : 20 -  Entered Password 
2020-04-18 00:14:28.979 INFO  XYZBanking : 70 - Test Completed 
2020-04-18 00:16:28.119 INFO  XYZBanking : 62 -  URL is opened 
2020-04-18 00:16:29.518 INFO  XYZBanking : 18 -  Entered UserName  
2020-04-18 00:16:29.749 INFO  XYZBanking : 20 -  Entered Password 
2020-04-18 00:16:30.678 INFO  XYZBanking : 70 - Test Completed 
2020-04-18 00:24:20.142 INFO  XYZBanking : 62 -  URL is opened 
2020-04-18 00:24:20.286 INFO  XYZBanking : 14 -  loginTest() test has been started 
2020-04-18 00:24:23.729 INFO  XYZBanking : 18 -  Entered UserName  
2020-04-18 00:24:24.140 INFO  XYZBanking : 20 -  Entered Password 
2020-04-18 00:24:27.596 INFO  XYZBanking : 70 - Test Completed 
2020-04-18 00:26:40.414 INFO  XYZBanking : 62 -  URL is opened 
2020-04-18 00:26:40.440 INFO  XYZBanking : 14 -  loginTest() test has been started 
2020-04-18 00:26:41.790 INFO  XYZBanking : 18 -  Entered UserName  
2020-04-18 00:26:42.136 INFO  XYZBanking : 20 -  Entered Password 
2020-04-18 00:26:44.350 INFO  XYZBanking : 70 - Test Completed 
2020-04-18 00:30:05.362 INFO  XYZBanking : 62 -  URL is opened 
2020-04-18 00:30:41.609 INFO  XYZBanking : 70 - Test Completed 
2020-04-18 00:41:57.255 INFO  XYZBanking : 62 -  URL is opened 
2020-04-18 00:41:57.492 INFO  XYZBanking : 14 -  loginTest() test has been started 
2020-04-18 00:41:58.426 INFO  XYZBanking : 18 -  Entered UserName  
2020-04-18 00:41:58.886 INFO  XYZBanking : 20 -  Entered Password 
2020-04-18 00:42:02.972 INFO  XYZBanking : 70 - Test Completed 
2020-04-18 00:45:12.006 INFO  XYZBanking : 62 -  URL is opened 
2020-04-18 00:45:12.219 INFO  XYZBanking : 14 -  loginTest() test has been started 
2020-04-18 00:45:13.288 INFO  XYZBanking : 18 -  Entered UserName  
2020-04-18 00:45:13.600 INFO  XYZBanking : 20 -  Entered Password 
2020-04-18 00:45:17.839 INFO  XYZBanking : 70 - Test Completed 
2020-04-18 00:52:59.722 INFO  XYZBanking : 62 -  URL is opened 
2020-04-18 00:52:59.980 INFO  XYZBanking : 14 -  loginTest() test has been started 
2020-04-18 00:53:02.884 INFO  XYZBanking : 18 -  Entered UserName  
2020-04-18 00:53:03.408 INFO  XYZBanking : 20 -  Entered Password 
2020-04-18 00:53:09.030 INFO  XYZBanking : 70 - Test Completed 
2020-04-18 00:56:48.765 INFO  XYZBanking : 62 -  URL is opened 
2020-04-18 00:56:48.798 INFO  XYZBanking : 14 -  loginTest() test has been started 
2020-04-18 00:56:49.291 INFO  XYZBanking : 18 -  Entered UserName  
2020-04-18 00:56:49.414 INFO  XYZBanking : 20 -  Entered Password 
2020-04-18 00:56:52.373 INFO  XYZBanking : 70 - Test Completed 
2020-04-18 01:08:06.744 INFO  XYZBanking : 62 -  URL is opened 
2020-04-18 01:08:41.072 INFO  XYZBanking : 19 -  Entered UserName  
2020-04-18 01:08:41.265 INFO  XYZBanking : 21 -  Entered Password  
2020-04-18 01:08:47.619 INFO  XYZBanking : 19 -  Entered UserName  
2020-04-18 01:08:47.906 INFO  XYZBanking : 21 -  Entered Password  
2020-04-18 01:08:53.503 INFO  XYZBanking : 19 -  Entered UserName  
2020-04-18 01:08:53.751 INFO  XYZBanking : 21 -  Entered Password  
2020-04-18 01:08:59.851 INFO  XYZBanking : 35 -  Login Failed  
2020-04-18 01:09:05.141 INFO  XYZBanking : 19 -  Entered UserName  
2020-04-18 01:09:05.246 INFO  XYZBanking : 21 -  Entered Password  
2020-04-18 01:09:08.702 INFO  XYZBanking : 70 - Test Completed 
2020-04-18 01:09:34.973 INFO  XYZBanking : 62 -  URL is opened 
2020-04-18 01:09:54.321 INFO  XYZBanking : 70 - Test Completed 
2020-04-18 01:11:54.661 INFO  XYZBanking : 62 -  URL is opened 
2020-04-18 01:12:05.466 INFO  XYZBanking : 19 -  Entered UserName  
2020-04-18 01:12:05.791 INFO  XYZBanking : 21 -  Entered Password  
2020-04-18 01:12:11.163 INFO  XYZBanking : 19 -  Entered UserName  
2020-04-18 01:12:11.349 INFO  XYZBanking : 21 -  Entered Password  
2020-04-18 01:12:15.549 INFO  XYZBanking : 19 -  Entered UserName  
2020-04-18 01:12:15.870 INFO  XYZBanking : 21 -  Entered Password  
2020-04-18 01:12:21.696 INFO  XYZBanking : 35 -  Login Failed  
2020-04-18 01:12:26.516 INFO  XYZBanking : 19 -  Entered UserName  
2020-04-18 01:12:26.920 INFO  XYZBanking : 21 -  Entered Password  
2020-04-18 01:12:30.702 INFO  XYZBanking : 70 - Test Completed 
2020-04-18 01:12:49.212 INFO  XYZBanking : 62 -  URL is opened 
2020-04-18 01:13:05.020 INFO  XYZBanking : 49 - Customer has successfully logged in 
2020-04-18 01:13:05.023 INFO  XYZBanking : 70 - Test Completed 
2020-04-18 01:14:20.021 INFO  XYZBanking : 62 -  URL is opened 
2020-04-18 01:14:32.568 INFO  XYZBanking : 19 -  Entered UserName  
2020-04-18 01:14:32.926 INFO  XYZBanking : 21 -  Entered Password  
2020-04-18 01:14:37.790 INFO  XYZBanking : 19 -  Entered UserName  
2020-04-18 01:14:38.147 INFO  XYZBanking : 21 -  Entered Password  
2020-04-18 01:14:42.367 INFO  XYZBanking : 19 -  Entered UserName  
2020-04-18 01:14:43.045 INFO  XYZBanking : 21 -  Entered Password  
2020-04-18 01:14:49.321 INFO  XYZBanking : 35 -  Login Failed  
2020-04-18 01:14:54.232 INFO  XYZBanking : 19 -  Entered UserName  
2020-04-18 01:14:54.336 INFO  XYZBanking : 21 -  Entered Password  
2020-04-18 01:14:57.795 INFO  XYZBanking : 70 - Test Completed 
2020-04-18 01:15:10.835 INFO  XYZBanking : 62 -  URL is opened 
2020-04-18 01:15:28.124 INFO  XYZBanking : 70 - Test Completed 
2020-04-18 03:02:33.944 INFO  XYZBanking : 62 -  URL is opened 
2020-04-18 03:02:48.387 INFO  XYZBanking : 19 -  Entered UserName  
2020-04-18 03:02:48.541 INFO  XYZBanking : 21 -  Entered Password  
2020-04-18 03:02:53.157 INFO  XYZBanking : 19 -  Entered UserName  
2020-04-18 03:02:53.732 INFO  XYZBanking : 21 -  Entered Password  
2020-04-18 03:02:57.850 INFO  XYZBanking : 19 -  Entered UserName  
2020-04-18 03:02:58.283 INFO  XYZBanking : 21 -  Entered Password  
2020-04-18 03:03:02.577 INFO  XYZBanking : 35 -  Login Failed  
2020-04-18 03:03:10.214 INFO  XYZBanking : 19 -  Entered UserName  
2020-04-18 03:03:10.471 INFO  XYZBanking : 21 -  Entered Password  
2020-04-18 03:03:13.985 INFO  XYZBanking : 70 - Test Completed 
2020-04-18 03:03:42.766 INFO  XYZBanking : 62 -  URL is opened 
2020-04-18 03:05:19.834 INFO  XYZBanking : 70 - Test Completed 
2020-04-18 03:07:47.730 INFO  XYZBanking : 62 -  URL is opened 
2020-04-18 03:07:58.093 INFO  XYZBanking : 19 -  Entered UserName  
2020-04-18 03:07:58.250 INFO  XYZBanking : 21 -  Entered Password  
2020-04-18 03:08:09.250 INFO  XYZBanking : 19 -  Entered UserName  
2020-04-18 03:08:09.367 INFO  XYZBanking : 21 -  Entered Password  
2020-04-18 03:08:17.092 INFO  XYZBanking : 19 -  Entered UserName  
2020-04-18 03:08:17.294 INFO  XYZBanking : 21 -  Entered Password  
2020-04-18 03:08:22.986 INFO  XYZBanking : 35 -  Login Failed  
2020-04-18 03:08:28.746 INFO  XYZBanking : 19 -  Entered UserName  
2020-04-18 03:08:29.051 INFO  XYZBanking : 21 -  Entered Password  
2020-04-18 03:08:32.614 INFO  XYZBanking : 70 - Test Completed 
2020-04-18 03:08:47.135 INFO  XYZBanking : 62 -  URL is opened 
2020-04-18 03:09:05.131 INFO  XYZBanking : 49 - Customer has successfully logged in 
2020-04-18 03:09:05.134 INFO  XYZBanking : 70 - Test Completed 
